<?xml version="1.0" encoding="UTF-8"?>
<testng-results ignored="0" total="2" passed="2" failed="0" skipped="0">
  <reporter-output>
  </reporter-output>
  <suite started-at="2024-12-30T09:45:14 IST" name="Master suit" finished-at="2024-12-30T09:45:35 IST" duration-ms="20920">
    <groups>
      <group name="regression">
        <method signature="TC001_AccountRegistration.Verify_Account_registration()[pri:0, instance:testCases.TC001_AccountRegistration@f478a81]" name="Verify_Account_registration" class="testCases.TC001_AccountRegistration"/>
      </group> <!-- regression -->
      <group name="sanity">
        <method signature="TC001_AccountRegistration.Verify_Account_registration()[pri:0, instance:testCases.TC001_AccountRegistration@f478a81]" name="Verify_Account_registration" class="testCases.TC001_AccountRegistration"/>
        <method signature="TC002_LoginPage.verify_login()[pri:0, instance:testCases.TC002_LoginPage@32c8e539]" name="verify_login" class="testCases.TC002_LoginPage"/>
      </group> <!-- sanity -->
    </groups>
    <test started-at="2024-12-30T09:45:14 IST" name="Test" finished-at="2024-12-30T09:45:35 IST" duration-ms="20920">
      <class name="testCases.TC001_AccountRegistration">
        <test-method is-config="true" signature="setup(java.lang.String,java.lang.String)[pri:0, instance:testCases.TC001_AccountRegistration@f478a81]" started-at="2024-12-30T09:45:14 IST" name="setup" finished-at="2024-12-30T09:45:20 IST" duration-ms="5593" status="PASS">
          <params>
            <param index="0">
              <value>
                <![CDATA[windows]]>
              </value>
            </param>
            <param index="1">
              <value>
                <![CDATA[chrome]]>
              </value>
            </param>
          </params>
          <reporter-output>
          </reporter-output>
        </test-method> <!-- setup -->
        <test-method signature="Verify_Account_registration()[pri:0, instance:testCases.TC001_AccountRegistration@f478a81]" started-at="2024-12-30T09:45:20 IST" name="Verify_Account_registration" finished-at="2024-12-30T09:45:32 IST" duration-ms="11477" status="PASS">
          <reporter-output>
          </reporter-output>
        </test-method> <!-- Verify_Account_registration -->
        <test-method is-config="true" signature="closewindow()[pri:0, instance:testCases.TC001_AccountRegistration@f478a81]" started-at="2024-12-30T09:45:32 IST" name="closewindow" finished-at="2024-12-30T09:45:32 IST" duration-ms="242" status="PASS">
          <reporter-output>
          </reporter-output>
        </test-method> <!-- closewindow -->
      </class> <!-- testCases.TC001_AccountRegistration -->
      <class name="testCases.TC002_LoginPage">
        <test-method is-config="true" signature="setup(java.lang.String,java.lang.String)[pri:0, instance:testCases.TC002_LoginPage@32c8e539]" started-at="2024-12-30T09:45:32 IST" name="setup" finished-at="2024-12-30T09:45:34 IST" duration-ms="2119" status="PASS">
          <params>
            <param index="0">
              <value>
                <![CDATA[windows]]>
              </value>
            </param>
            <param index="1">
              <value>
                <![CDATA[chrome]]>
              </value>
            </param>
          </params>
          <reporter-output>
          </reporter-output>
        </test-method> <!-- setup -->
        <test-method signature="verify_login()[pri:0, instance:testCases.TC002_LoginPage@32c8e539]" started-at="2024-12-30T09:45:34 IST" name="verify_login" finished-at="2024-12-30T09:45:35 IST" duration-ms="1269" status="PASS">
          <reporter-output>
          </reporter-output>
        </test-method> <!-- verify_login -->
        <test-method is-config="true" signature="closewindow()[pri:0, instance:testCases.TC002_LoginPage@32c8e539]" started-at="2024-12-30T09:45:35 IST" name="closewindow" finished-at="2024-12-30T09:45:35 IST" duration-ms="183" status="PASS">
          <reporter-output>
          </reporter-output>
        </test-method> <!-- closewindow -->
      </class> <!-- testCases.TC002_LoginPage -->
    </test> <!-- Test -->
  </suite> <!-- Master suit -->
</testng-results>
