<?xml version="1.0" encoding="UTF-8"?>
<testng-results ignored="0" total="2" passed="2" failed="0" skipped="0">
  <reporter-output>
  </reporter-output>
  <suite started-at="2024-12-28T11:30:24 IST" name="Master suit" finished-at="2024-12-28T11:30:41 IST" duration-ms="16968">
    <groups>
      <group name="regression">
        <method signature="TC001_AccountRegistration.Verify_Account_registration()[pri:0, instance:testCases.TC001_AccountRegistration@56bca85b]" name="Verify_Account_registration" class="testCases.TC001_AccountRegistration"/>
      </group> <!-- regression -->
      <group name="sanity">
        <method signature="TC001_AccountRegistration.Verify_Account_registration()[pri:0, instance:testCases.TC001_AccountRegistration@56bca85b]" name="Verify_Account_registration" class="testCases.TC001_AccountRegistration"/>
        <method signature="TC002_LoginPage.verify_login()[pri:0, instance:testCases.TC002_LoginPage@1fcb4808]" name="verify_login" class="testCases.TC002_LoginPage"/>
      </group> <!-- sanity -->
    </groups>
    <test started-at="2024-12-28T11:30:24 IST" name="Test" finished-at="2024-12-28T11:30:41 IST" duration-ms="16968">
      <class name="testCases.TC001_AccountRegistration">
        <test-method is-config="true" signature="setup(java.lang.String,java.lang.String)[pri:0, instance:testCases.TC001_AccountRegistration@56bca85b]" started-at="2024-12-28T11:30:24 IST" name="setup" finished-at="2024-12-28T11:30:27 IST" duration-ms="2187" status="PASS">
          <params>
            <param index="0">
              <value>
                <![CDATA[windows]]>
              </value>
            </param>
            <param index="1">
              <value>
                <![CDATA[chrome]]>
              </value>
            </param>
          </params>
          <reporter-output>
          </reporter-output>
        </test-method> <!-- setup -->
        <test-method signature="Verify_Account_registration()[pri:0, instance:testCases.TC001_AccountRegistration@56bca85b]" started-at="2024-12-28T11:30:27 IST" name="Verify_Account_registration" finished-at="2024-12-28T11:30:38 IST" duration-ms="11635" status="PASS">
          <reporter-output>
          </reporter-output>
        </test-method> <!-- Verify_Account_registration -->
      </class> <!-- testCases.TC001_AccountRegistration -->
      <class name="testCases.TC002_LoginPage">
        <test-method is-config="true" signature="setup(java.lang.String,java.lang.String)[pri:0, instance:testCases.TC002_LoginPage@1fcb4808]" started-at="2024-12-28T11:30:38 IST" name="setup" finished-at="2024-12-28T11:30:40 IST" duration-ms="1837" status="PASS">
          <params>
            <param index="0">
              <value>
                <![CDATA[windows]]>
              </value>
            </param>
            <param index="1">
              <value>
                <![CDATA[chrome]]>
              </value>
            </param>
          </params>
          <reporter-output>
          </reporter-output>
        </test-method> <!-- setup -->
        <test-method signature="verify_login()[pri:0, instance:testCases.TC002_LoginPage@1fcb4808]" started-at="2024-12-28T11:30:40 IST" name="verify_login" finished-at="2024-12-28T11:30:41 IST" duration-ms="1278" status="PASS">
          <reporter-output>
          </reporter-output>
        </test-method> <!-- verify_login -->
      </class> <!-- testCases.TC002_LoginPage -->
    </test> <!-- Test -->
  </suite> <!-- Master suit -->
</testng-results>
